<?xml version="1.0" encoding="UTF-8"?>
<!-- Generated by org.testng.reporters.JUnitReportReporter -->
<testsuite hostname="DESKTOP-IQUBR8Q" failures="0" tests="1" name="org.last.fm.EditDetailsOfPlayistTest" time="8.353" errors="0" timestamp="2023-04-29T16:04:23 IST" skipped="0">
  <testcase classname="org.last.fm.EditDetailsOfPlayistTest" name="editdetailsofplaylist" time="8.353"/>
  <system-out/>
</testsuite> <!-- org.last.fm.EditDetailsOfPlayistTest -->
