<?xml version="1.0" encoding="UTF-8"?>
<!-- Generated by org.testng.reporters.JUnitReportReporter -->
<testsuite hostname="DESKTOP-IQUBR8Q" failures="0" tests="1" name="org.last.fm.FakeLoginTest" time="15.205" errors="0" timestamp="2023-04-29T14:22:22 IST" skipped="0">
  <testcase classname="org.last.fm.FakeLoginTest" name="loginVerification" time="15.205"/>
  <system-out/>
</testsuite> <!-- org.last.fm.FakeLoginTest -->
